<?xml version="1.0" encoding="UTF-8"?>
<!-- Generated by org.testng.reporters.JUnitXMLReporter -->
<testsuite hostname="DESKTOP-K1VIJ2U" ignored="0" name="RESTFull Service Test" tests="3" failures="0" timestamp="27 Oct 2018 02:45:51 GMT" time="10.426" errors="0">
  <testcase name="testEqualToFunction" time="6.266" classname="com.demo.Test1_BasicFeatures"/>
  <testcase name="testHasItemFunction" time="2.024" classname="com.demo.Test1_BasicFeatures"/>
  <testcase name="testStatusCode" time="2.038" classname="com.demo.Test1_BasicFeatures"/>
</testsuite> <!-- RESTFull Service Test -->
