<?xml version="1.0" encoding="UTF-8"?>
<testng-results skipped="0" failed="0" ignored="0" total="1" passed="1">
  <reporter-output>
  </reporter-output>
  <suite name="Default suite" duration-ms="5459" started-at="2018-10-27T02:48:52Z" finished-at="2018-10-27T02:48:58Z">
    <groups>
    </groups>
    <test name="Default test" duration-ms="5459" started-at="2018-10-27T02:48:52Z" finished-at="2018-10-27T02:48:58Z">
      <class name="com.demo.MultipleData">
        <test-method status="PASS" signature="test1_service()[pri:0, instance:com.demo.MultipleData@523884b2]" name="test1_service" duration-ms="5404" started-at="2018-10-27T02:48:52Z" finished-at="2018-10-27T02:48:57Z">
          <reporter-output>
          </reporter-output>
        </test-method> <!-- test1_service -->
      </class> <!-- com.demo.MultipleData -->
    </test> <!-- Default test -->
  </suite> <!-- Default suite -->
</testng-results>
